* This is the StructMobWeight report file that is output every time the server starts.
* 
* Spawn Balance Utility (SBU) will use this file ONLY if it is renamed to StructMobWeight.csv.
* Lines starting with '*' are comments and ignored
* It allows you to add and remove mobs and adjust their spawnweights for Structures
* like shipwrecks, nether fortresses, water monuments, etc.
* 
1, dungeons_arise:abandoned_temple, HEADING, header:ignore, 0, 0, 0
2, dungeons_arise:abandoned_temple, MONSTER, minecraft:stray, 10, 1, 1
3, incendium:abandoned_tower, HEADING, header:ignore, 0, 0, 0
4, alexscaves:abyssal_ruins, HEADING, header:ignore, 0, 0, 0
5, alexscaves:abyssal_ruins, MONSTER, alexscaves:mine_guardian, 20, 1, 2
6, alexscaves:acid_pit, HEADING, header:ignore, 0, 0, 0
7, minecraft:ancient_city, HEADING, header:ignore, 0, 0, 0
8, repurposed_structures:ancient_city_end, HEADING, header:ignore, 0, 0, 0
9, repurposed_structures:ancient_city_end, MONSTER, minecraft:phantom, 10, 1, 1
10, repurposed_structures:ancient_city_end, MONSTER, minecraft:endermite, 10, 3, 7
11, repurposed_structures:ancient_city_nether, HEADING, header:ignore, 0, 0, 0
12, repurposed_structures:ancient_city_nether, MONSTER, minecraft:ghast, 10, 6, 10
13, repurposed_structures:ancient_city_nether, MONSTER, minecraft:wither_skeleton, 10, 1, 3
14, repurposed_structures:ancient_city_ocean, HEADING, header:ignore, 0, 0, 0
15, repurposed_structures:ancient_city_ocean, MONSTER, minecraft:drowned, 10, 2, 5
16, realmrpg_quests:anglers, HEADING, header:ignore, 0, 0, 0
17, scguns:asgharian_tower, HEADING, header:ignore, 0, 0, 0
18, scguns:asgharian_tower, MONSTER, minecraft:zombie, 10, 1, 1
19, twilightforest:aurora_palace, HEADING, header:ignore, 0, 0, 0
20, dungeons_arise:aviary, HEADING, header:ignore, 0, 0, 0
21, dungeons_arise:aviary, MONSTER, minecraft:phantom, 60, 2, 3
22, dungeons_arise:bandit_towers, HEADING, header:ignore, 0, 0, 0
23, dungeons_arise:bandit_village, HEADING, header:ignore, 0, 0, 0
24, wythers:banyan_sparse_jungle, HEADING, header:ignore, 0, 0, 0
25, wythers:baobab_dry_tropical_forest, HEADING, header:ignore, 0, 0, 0
26, wythers:baobab_savanna, HEADING, header:ignore, 0, 0, 0
27, wythers:baobab_savanna, CREATURE, minecraft:parrot, 40, 3, 5
28, wythers:baobab_tropical_forest, HEADING, header:ignore, 0, 0, 0
29, minecraft:bastion_remnant, HEADING, header:ignore, 0, 0, 0
30, repurposed_structures:bastion_underground, HEADING, header:ignore, 0, 0, 0
31, repurposed_structures:bastion_underground, MONSTER, minecraft:skeleton, 10, 1, 4
32, dungeons_arise:bathhouse, HEADING, header:ignore, 0, 0, 0
33, minecraft:buried_treasure, HEADING, header:ignore, 0, 0, 0
34, dungeons_arise:ceryneian_hind, HEADING, header:ignore, 0, 0, 0
35, repurposed_structures:city_nether, HEADING, header:ignore, 0, 0, 0
36, repurposed_structures:city_nether, MONSTER, minecraft:wither_skeleton, 10, 2, 3
37, repurposed_structures:city_nether, MONSTER, minecraft:blaze, 80, 1, 4
38, repurposed_structures:city_overworld, HEADING, header:ignore, 0, 0, 0
39, born_in_chaos_v1:clown_caravan_plains, HEADING, header:ignore, 0, 0, 0
40, born_in_chaos_v1:clown_caravan_savanna, HEADING, header:ignore, 0, 0, 0
41, born_in_chaos_v1:clown_caravan_taiga, HEADING, header:ignore, 0, 0, 0
42, dungeons_arise:coliseum, HEADING, header:ignore, 0, 0, 0
43, realmrpg_quests:cooks, HEADING, header:ignore, 0, 0, 0
44, dungeons_arise_seven_seas:corsair_corvette, HEADING, header:ignore, 0, 0, 0
45, twilightforest:dark_tower, HEADING, header:ignore, 0, 0, 0
46, born_in_chaos_v1:dark_tower_forest, HEADING, header:ignore, 0, 0, 0
47, born_in_chaos_v1:dark_tower_plain, HEADING, header:ignore, 0, 0, 0
48, born_in_chaos_v1:dark_tower_taiga, HEADING, header:ignore, 0, 0, 0
49, minecraft:desert_pyramid, HEADING, header:ignore, 0, 0, 0
50, betterdeserttemples:desert_temple, HEADING, header:ignore, 0, 0, 0
51, betterdeserttemples:desert_temple, MONSTER, minecraft:husk, 80, 10, 32
52, betterdeserttemples:desert_temple, CREATURE, minecraft:cat, 80, 4, 4
53, betterdeserttemples:desert_temple, CREATURE, minecraft:rabbit, 80, 4, 4
54, alexscaves:dino_bowl, HEADING, header:ignore, 0, 0, 0
55, wythers:el_dorado, HEADING, header:ignore, 0, 0, 0
56, wythers:elephant_graveyard_fossil, HEADING, header:ignore, 0, 0, 0
57, minecraft:end_city, HEADING, header:ignore, 0, 0, 0
58, minecraft:end_city, MONSTER, alexsmobs:mimicube, 40, 1, 3
59, towns_and_towers:exclusives/pillager_outpost_classic, HEADING, header:ignore, 0, 0, 0
60, towns_and_towers:exclusives/pillager_outpost_classic, MONSTER, minecraft:pillager, 10, 1, 2
61, towns_and_towers:exclusives/pillager_outpost_iberian, HEADING, header:ignore, 0, 0, 0
62, towns_and_towers:exclusives/pillager_outpost_iberian, MONSTER, minecraft:pillager, 10, 1, 2
63, towns_and_towers:exclusives/pillager_outpost_mediterranean, HEADING, header:ignore, 0, 0, 0
64, towns_and_towers:exclusives/pillager_outpost_mediterranean, MONSTER, minecraft:pillager, 10, 1, 2
65, towns_and_towers:exclusives/pillager_outpost_oriental, HEADING, header:ignore, 0, 0, 0
66, towns_and_towers:exclusives/pillager_outpost_oriental, MONSTER, minecraft:pillager, 10, 1, 2
67, towns_and_towers:exclusives/pillager_outpost_rustic, HEADING, header:ignore, 0, 0, 0
68, towns_and_towers:exclusives/pillager_outpost_rustic, MONSTER, minecraft:pillager, 10, 1, 2
69, towns_and_towers:exclusives/pillager_outpost_swedish, HEADING, header:ignore, 0, 0, 0
70, towns_and_towers:exclusives/pillager_outpost_swedish, MONSTER, minecraft:pillager, 10, 1, 2
71, towns_and_towers:exclusives/pillager_outpost_tudor, HEADING, header:ignore, 0, 0, 0
72, towns_and_towers:exclusives/pillager_outpost_tudor, MONSTER, minecraft:pillager, 10, 1, 2
73, towns_and_towers:exclusives/village_classic, HEADING, header:ignore, 0, 0, 0
74, towns_and_towers:exclusives/village_iberian, HEADING, header:ignore, 0, 0, 0
75, towns_and_towers:exclusives/village_mediterranean, HEADING, header:ignore, 0, 0, 0
76, towns_and_towers:exclusives/village_nilotic, HEADING, header:ignore, 0, 0, 0
77, towns_and_towers:exclusives/village_piglin, HEADING, header:ignore, 0, 0, 0
78, towns_and_towers:exclusives/village_piglin, MONSTER, minecraft:piglin, 10, 6, 8
79, towns_and_towers:exclusives/village_piglin, MONSTER, minecraft:piglin_brute, 10, 2, 3
80, towns_and_towers:exclusives/village_rustic, HEADING, header:ignore, 0, 0, 0
81, towns_and_towers:exclusives/village_swedish, HEADING, header:ignore, 0, 0, 0
82, towns_and_towers:exclusives/village_tudor, HEADING, header:ignore, 0, 0, 0
83, towns_and_towers:exclusives/village_wandering_trader_camp, HEADING, header:ignore, 0, 0, 0
84, born_in_chaos_v1:farm, HEADING, header:ignore, 0, 0, 0
85, alexscaves:ferrocave, HEADING, header:ignore, 0, 0, 0
86, twilightforest:final_castle, HEADING, header:ignore, 0, 0, 0
87, born_in_chaos_v1:firewell, HEADING, header:ignore, 0, 0, 0
88, dungeons_arise:fishing_hut, HEADING, header:ignore, 0, 0, 0
89, incendium:forbidden_castle, HEADING, header:ignore, 0, 0, 0
90, alexscaves:forlorn_bridge, HEADING, header:ignore, 0, 0, 0
91, alexscaves:forlorn_canyon, HEADING, header:ignore, 0, 0, 0
92, betterfortresses:fortress, HEADING, header:ignore, 0, 0, 0
93, betterfortresses:fortress, MONSTER, minecraft:blaze, 10, 2, 3
94, betterfortresses:fortress, MONSTER, minecraft:zombified_piglin, 10, 4, 4
95, betterfortresses:fortress, MONSTER, minecraft:wither_skeleton, 10, 5, 5
96, betterfortresses:fortress, MONSTER, minecraft:skeleton, 10, 5, 5
97, betterfortresses:fortress, MONSTER, minecraft:magma_cube, 10, 4, 4
98, minecraft:fortress, HEADING, header:ignore, 0, 0, 0
99, minecraft:fortress, MONSTER, minecraft:blaze, 10, 2, 3
100, minecraft:fortress, MONSTER, minecraft:zombified_piglin, 10, 4, 4
101, minecraft:fortress, MONSTER, minecraft:wither_skeleton, 10, 5, 5
102, minecraft:fortress, MONSTER, minecraft:skeleton, 10, 5, 5
103, minecraft:fortress, MONSTER, minecraft:magma_cube, 10, 4, 4
104, repurposed_structures:fortress_jungle, HEADING, header:ignore, 0, 0, 0
105, repurposed_structures:fortress_jungle, MONSTER, minecraft:wither_skeleton, 10, 1, 1
106, repurposed_structures:fortress_jungle, MONSTER, minecraft:skeleton, 10, 1, 3
107, repurposed_structures:fortress_jungle, MONSTER, minecraft:zombie, 10, 1, 4
108, repurposed_structures:fortress_jungle, MONSTER, minecraft:spider, 10, 1, 3
109, repurposed_structures:fortress_jungle, MONSTER, minecraft:creeper, 10, 1, 2
110, repurposed_structures:fortress_jungle, MONSTER, minecraft:enderman, 10, 1, 2
111, repurposed_structures:fortress_jungle, MONSTER, minecraft:witch, 10, 1, 2
112, dungeons_arise:foundry, HEADING, header:ignore, 0, 0, 0
113, taxtg:giant_cherryblossom_tree, HEADING, header:ignore, 0, 0, 0
114, wythers:giant_fallen_log, HEADING, header:ignore, 0, 0, 0
115, taxtg:giant_jungle_tree, HEADING, header:ignore, 0, 0, 0
116, dungeons_arise:giant_mushroom, HEADING, header:ignore, 0, 0, 0
117, taxtg:giant_oak_tree, HEADING, header:ignore, 0, 0, 0
118, taxtg:giant_spruce_tree, HEADING, header:ignore, 0, 0, 0
119, goblins_tyranny:goblins_caravan, HEADING, header:ignore, 0, 0, 0
120, goblins_tyranny:goblins_spot, HEADING, header:ignore, 0, 0, 0
121, goblins_tyranny:goblinscamp, HEADING, header:ignore, 0, 0, 0
122, born_in_chaos_v1:grave_darktitan, HEADING, header:ignore, 0, 0, 0
123, born_in_chaos_v1:grave_petasi, HEADING, header:ignore, 0, 0, 0
124, dungeons_arise:greenwood_pub, HEADING, header:ignore, 0, 0, 0
125, realmrpg_quests:headless_skeletons, HEADING, header:ignore, 0, 0, 0
126, dungeons_arise:heavenly_challenger, HEADING, header:ignore, 0, 0, 0
127, dungeons_arise:heavenly_conqueror, HEADING, header:ignore, 0, 0, 0
128, dungeons_arise:heavenly_rider, HEADING, header:ignore, 0, 0, 0
129, twilightforest:hedge_maze, HEADING, header:ignore, 0, 0, 0
130, the_flesh_that_hates:house1, HEADING, header:ignore, 0, 0, 0
131, the_flesh_that_hates:house1, CREATURE, the_flesh_that_hates:flesh_human, 10, 1, 2
132, twilightforest:hydra_lair, HEADING, header:ignore, 0, 0, 0
133, minecraft:igloo, HEADING, header:ignore, 0, 0, 0
134, repurposed_structures:igloo_grassy, HEADING, header:ignore, 0, 0, 0
135, repurposed_structures:igloo_mangrove, HEADING, header:ignore, 0, 0, 0
136, repurposed_structures:igloo_mushroom, HEADING, header:ignore, 0, 0, 0
137, repurposed_structures:igloo_stone, HEADING, header:ignore, 0, 0, 0
138, dungeons_arise:illager_campsite, HEADING, header:ignore, 0, 0, 0
139, dungeons_arise:illager_corsair, HEADING, header:ignore, 0, 0, 0
140, dungeons_arise:illager_fort, HEADING, header:ignore, 0, 0, 0
141, dungeons_arise:illager_galley, HEADING, header:ignore, 0, 0, 0
142, dungeons_arise:illager_windmill, HEADING, header:ignore, 0, 0, 0
143, incendium:infernal_altar, HEADING, header:ignore, 0, 0, 0
144, born_in_chaos_v1:infernal_pumpkin, HEADING, header:ignore, 0, 0, 0
145, dungeons_arise:infested_temple, HEADING, header:ignore, 0, 0, 0
146, minecraft:jungle_pyramid, HEADING, header:ignore, 0, 0, 0
147, betterjungletemples:jungle_temple, HEADING, header:ignore, 0, 0, 0
148, dungeons_arise:jungle_tree_house, HEADING, header:ignore, 0, 0, 0
149, dungeons_arise:keep_kayra, HEADING, header:ignore, 0, 0, 0
150, twilightforest:knight_stronghold, HEADING, header:ignore, 0, 0, 0
151, twilightforest:labyrinth, HEADING, header:ignore, 0, 0, 0
152, twilightforest:large_hollow_hill, HEADING, header:ignore, 0, 0, 0
153, twilightforest:lich_tower, HEADING, header:ignore, 0, 0, 0
154, dungeons_arise:lighthouse, HEADING, header:ignore, 0, 0, 0
155, realmrpg_quests:lumberjacks, HEADING, header:ignore, 0, 0, 0
156, minecraft:mansion, HEADING, header:ignore, 0, 0, 0
157, repurposed_structures:mansion_birch, HEADING, header:ignore, 0, 0, 0
158, repurposed_structures:mansion_desert, HEADING, header:ignore, 0, 0, 0
159, repurposed_structures:mansion_jungle, HEADING, header:ignore, 0, 0, 0
160, repurposed_structures:mansion_mangrove, HEADING, header:ignore, 0, 0, 0
161, repurposed_structures:mansion_oak, HEADING, header:ignore, 0, 0, 0
162, repurposed_structures:mansion_savanna, HEADING, header:ignore, 0, 0, 0
163, repurposed_structures:mansion_snowy, HEADING, header:ignore, 0, 0, 0
164, repurposed_structures:mansion_taiga, HEADING, header:ignore, 0, 0, 0
165, dungeons_arise:mechanical_nest, HEADING, header:ignore, 0, 0, 0
166, twilightforest:medium_hollow_hill, HEADING, header:ignore, 0, 0, 0
167, dungeons_arise:merchant_campsite, HEADING, header:ignore, 0, 0, 0
168, towns_and_towers:mimic_desert, HEADING, header:ignore, 0, 0, 0
169, realmrpg_quests:miners, HEADING, header:ignore, 0, 0, 0
170, minecraft:mineshaft, HEADING, header:ignore, 0, 0, 0
171, minecraft:mineshaft, AMBIENT, alexsmobs:underminer, 50, 1, 1
172, repurposed_structures:mineshaft_birch, HEADING, header:ignore, 0, 0, 0
173, repurposed_structures:mineshaft_birch, AMBIENT, alexsmobs:underminer, 50, 1, 1
174, repurposed_structures:mineshaft_crimson, HEADING, header:ignore, 0, 0, 0
175, repurposed_structures:mineshaft_crimson, AMBIENT, alexsmobs:underminer, 50, 1, 1
176, repurposed_structures:mineshaft_dark_forest, HEADING, header:ignore, 0, 0, 0
177, repurposed_structures:mineshaft_dark_forest, AMBIENT, alexsmobs:underminer, 50, 1, 1
178, repurposed_structures:mineshaft_desert, HEADING, header:ignore, 0, 0, 0
179, repurposed_structures:mineshaft_desert, AMBIENT, alexsmobs:underminer, 50, 1, 1
180, repurposed_structures:mineshaft_end, HEADING, header:ignore, 0, 0, 0
181, repurposed_structures:mineshaft_end, MONSTER, minecraft:endermite, 10, 2, 5
182, repurposed_structures:mineshaft_end, MONSTER, minecraft:enderman, 10, 1, 3
183, repurposed_structures:mineshaft_end, AMBIENT, alexsmobs:underminer, 50, 1, 1
184, repurposed_structures:mineshaft_icy, HEADING, header:ignore, 0, 0, 0
185, repurposed_structures:mineshaft_icy, AMBIENT, alexsmobs:underminer, 50, 1, 1
186, repurposed_structures:mineshaft_jungle, HEADING, header:ignore, 0, 0, 0
187, repurposed_structures:mineshaft_jungle, AMBIENT, alexsmobs:underminer, 50, 1, 1
188, minecraft:mineshaft_mesa, HEADING, header:ignore, 0, 0, 0
189, minecraft:mineshaft_mesa, AMBIENT, alexsmobs:underminer, 50, 1, 1
190, repurposed_structures:mineshaft_nether, HEADING, header:ignore, 0, 0, 0
191, repurposed_structures:mineshaft_nether, AMBIENT, alexsmobs:underminer, 50, 1, 1
192, repurposed_structures:mineshaft_ocean, HEADING, header:ignore, 0, 0, 0
193, repurposed_structures:mineshaft_ocean, AMBIENT, alexsmobs:underminer, 50, 1, 1
194, repurposed_structures:mineshaft_savanna, HEADING, header:ignore, 0, 0, 0
195, repurposed_structures:mineshaft_savanna, AMBIENT, alexsmobs:underminer, 50, 1, 1
196, repurposed_structures:mineshaft_stone, HEADING, header:ignore, 0, 0, 0
197, repurposed_structures:mineshaft_stone, AMBIENT, alexsmobs:underminer, 50, 1, 1
198, repurposed_structures:mineshaft_swamp, HEADING, header:ignore, 0, 0, 0
199, repurposed_structures:mineshaft_swamp, AMBIENT, alexsmobs:underminer, 50, 1, 1
200, repurposed_structures:mineshaft_taiga, HEADING, header:ignore, 0, 0, 0
201, repurposed_structures:mineshaft_taiga, AMBIENT, alexsmobs:underminer, 50, 1, 1
202, repurposed_structures:mineshaft_warped, HEADING, header:ignore, 0, 0, 0
203, repurposed_structures:mineshaft_warped, AMBIENT, alexsmobs:underminer, 50, 1, 1
204, dungeons_arise:mining_system, HEADING, header:ignore, 0, 0, 0
205, dungeons_arise:monastery, HEADING, header:ignore, 0, 0, 0
206, realmrpg_quests:monster_hunters, HEADING, header:ignore, 0, 0, 0
207, minecraft:monument, HEADING, header:ignore, 0, 0, 0
208, minecraft:monument, MONSTER, minecraft:guardian, 10, 2, 4
209, repurposed_structures:monument_desert, HEADING, header:ignore, 0, 0, 0
210, repurposed_structures:monument_desert, MONSTER, minecraft:husk, 20, 1, 4
211, repurposed_structures:monument_desert, MONSTER, minecraft:creeper, 15, 1, 2
212, repurposed_structures:monument_desert, MONSTER, minecraft:skeleton, 10, 1, 3
213, repurposed_structures:monument_icy, HEADING, header:ignore, 0, 0, 0
214, repurposed_structures:monument_icy, MONSTER, minecraft:stray, 40, 1, 3
215, repurposed_structures:monument_icy, MONSTER, minecraft:vex, 10, 1, 2
216, repurposed_structures:monument_jungle, HEADING, header:ignore, 0, 0, 0
217, repurposed_structures:monument_jungle, MONSTER, minecraft:husk, 20, 1, 4
218, repurposed_structures:monument_jungle, MONSTER, minecraft:creeper, 15, 1, 2
219, repurposed_structures:monument_jungle, MONSTER, minecraft:skeleton, 10, 1, 3
220, repurposed_structures:monument_nether, HEADING, header:ignore, 0, 0, 0
221, repurposed_structures:monument_nether, MONSTER, minecraft:magma_cube, 20, 1, 3
222, repurposed_structures:monument_nether, MONSTER, minecraft:wither_skeleton, 10, 1, 3
223, repurposed_structures:monument_nether, MONSTER, minecraft:ghast, 10, 1, 1
224, born_in_chaos_v1:mound_of_hounds, HEADING, header:ignore, 0, 0, 0
225, the_flesh_that_hates:mouth1, HEADING, header:ignore, 0, 0, 0
226, the_flesh_that_hates:mouth1, CREATURE, the_flesh_that_hates:flesh_human, 10, 1, 2
227, dungeons_arise:mushroom_house, HEADING, header:ignore, 0, 0, 0
228, dungeons_arise:mushroom_mines, HEADING, header:ignore, 0, 0, 0
229, twilightforest:mushroom_tower, HEADING, header:ignore, 0, 0, 0
230, dungeons_arise:mushroom_village, HEADING, header:ignore, 0, 0, 0
231, twilightforest:naga_courtyard, HEADING, header:ignore, 0, 0, 0
232, minecraft:nether_fossil, HEADING, header:ignore, 0, 0, 0
233, minecraft:nether_fossil, MONSTER, alexsmobs:soul_vulture, 30, 1, 1
234, incendium:nether_reactor, HEADING, header:ignore, 0, 0, 0
235, born_in_chaos_v1:observation_tower_forest, HEADING, header:ignore, 0, 0, 0
236, born_in_chaos_v1:observation_tower_plains, HEADING, header:ignore, 0, 0, 0
237, betteroceanmonuments:ocean_monument, HEADING, header:ignore, 0, 0, 0
238, betteroceanmonuments:ocean_monument, MONSTER, minecraft:guardian, 10, 2, 4
239, minecraft:ocean_ruin_cold, HEADING, header:ignore, 0, 0, 0
240, minecraft:ocean_ruin_warm, HEADING, header:ignore, 0, 0, 0
241, alexscaves:ocean_trench, HEADING, header:ignore, 0, 0, 0
242, scguns:osgood_lab, HEADING, header:ignore, 0, 0, 0
243, scguns:osgood_lab, MONSTER, minecraft:zombie, 10, 1, 1
244, scguns:osgood_lab_outpost, HEADING, header:ignore, 0, 0, 0
245, scguns:osgood_lab_outpost, MONSTER, minecraft:pillager, 10, 1, 2
246, scguns:osgood_lab_outpost, MONSTER, scguns:blunderer, 10, 1, 2
247, repurposed_structures:outpost_badlands, HEADING, header:ignore, 0, 0, 0
248, repurposed_structures:outpost_badlands, MONSTER, minecraft:pillager, 10, 1, 1
249, repurposed_structures:outpost_birch, HEADING, header:ignore, 0, 0, 0
250, repurposed_structures:outpost_birch, MONSTER, minecraft:pillager, 10, 1, 1
251, repurposed_structures:outpost_crimson, HEADING, header:ignore, 0, 0, 0
252, repurposed_structures:outpost_crimson, MONSTER, minecraft:piglin, 10, 1, 1
253, repurposed_structures:outpost_desert, HEADING, header:ignore, 0, 0, 0
254, repurposed_structures:outpost_desert, MONSTER, minecraft:pillager, 10, 1, 1
255, repurposed_structures:outpost_end, HEADING, header:ignore, 0, 0, 0
256, repurposed_structures:outpost_end, MONSTER, minecraft:phantom, 10, 1, 1
257, repurposed_structures:outpost_giant_tree_taiga, HEADING, header:ignore, 0, 0, 0
258, repurposed_structures:outpost_giant_tree_taiga, MONSTER, minecraft:pillager, 10, 1, 1
259, repurposed_structures:outpost_icy, HEADING, header:ignore, 0, 0, 0
260, repurposed_structures:outpost_icy, MONSTER, minecraft:pillager, 10, 1, 1
261, repurposed_structures:outpost_jungle, HEADING, header:ignore, 0, 0, 0
262, repurposed_structures:outpost_jungle, MONSTER, minecraft:pillager, 10, 1, 1
263, repurposed_structures:outpost_mangrove, HEADING, header:ignore, 0, 0, 0
264, repurposed_structures:outpost_mangrove, MONSTER, minecraft:pillager, 10, 1, 1
265, repurposed_structures:outpost_nether_brick, HEADING, header:ignore, 0, 0, 0
266, repurposed_structures:outpost_nether_brick, MONSTER, minecraft:piglin, 10, 1, 1
267, repurposed_structures:outpost_oak, HEADING, header:ignore, 0, 0, 0
268, repurposed_structures:outpost_oak, MONSTER, minecraft:pillager, 10, 1, 1
269, repurposed_structures:outpost_snowy, HEADING, header:ignore, 0, 0, 0
270, repurposed_structures:outpost_snowy, MONSTER, minecraft:pillager, 10, 1, 1
271, repurposed_structures:outpost_taiga, HEADING, header:ignore, 0, 0, 0
272, repurposed_structures:outpost_taiga, MONSTER, minecraft:pillager, 10, 1, 1
273, repurposed_structures:outpost_warped, HEADING, header:ignore, 0, 0, 0
274, repurposed_structures:outpost_warped, MONSTER, minecraft:piglin, 10, 1, 1
275, realmrpg_quests:piglin_gamblers, HEADING, header:ignore, 0, 0, 0
276, incendium:piglin_village, HEADING, header:ignore, 0, 0, 0
277, minecraft:pillager_outpost, HEADING, header:ignore, 0, 0, 0
278, minecraft:pillager_outpost, MONSTER, minecraft:pillager, 10, 1, 1
279, towns_and_towers:pillager_outpost_badlands, HEADING, header:ignore, 0, 0, 0
280, towns_and_towers:pillager_outpost_badlands, MONSTER, minecraft:pillager, 10, 1, 2
281, towns_and_towers:pillager_outpost_beach, HEADING, header:ignore, 0, 0, 0
282, towns_and_towers:pillager_outpost_beach, MONSTER, minecraft:pillager, 10, 1, 2
283, towns_and_towers:pillager_outpost_birch_forest, HEADING, header:ignore, 0, 0, 0
284, towns_and_towers:pillager_outpost_birch_forest, MONSTER, minecraft:pillager, 10, 1, 2
285, towns_and_towers:pillager_outpost_desert, HEADING, header:ignore, 0, 0, 0
286, towns_and_towers:pillager_outpost_desert, MONSTER, minecraft:pillager, 10, 1, 2
287, towns_and_towers:pillager_outpost_flower_forest, HEADING, header:ignore, 0, 0, 0
288, towns_and_towers:pillager_outpost_flower_forest, MONSTER, minecraft:pillager, 10, 1, 2
289, towns_and_towers:pillager_outpost_forest, HEADING, header:ignore, 0, 0, 0
290, towns_and_towers:pillager_outpost_forest, MONSTER, minecraft:pillager, 10, 1, 2
291, towns_and_towers:pillager_outpost_grove, HEADING, header:ignore, 0, 0, 0
292, towns_and_towers:pillager_outpost_grove, MONSTER, minecraft:pillager, 10, 1, 2
293, towns_and_towers:pillager_outpost_jungle, HEADING, header:ignore, 0, 0, 0
294, towns_and_towers:pillager_outpost_jungle, MONSTER, minecraft:pillager, 10, 1, 2
295, towns_and_towers:pillager_outpost_meadow, HEADING, header:ignore, 0, 0, 0
296, towns_and_towers:pillager_outpost_meadow, MONSTER, minecraft:pillager, 10, 1, 2
297, towns_and_towers:pillager_outpost_mushroom_fields, HEADING, header:ignore, 0, 0, 0
298, towns_and_towers:pillager_outpost_ocean, HEADING, header:ignore, 0, 0, 0
299, towns_and_towers:pillager_outpost_ocean, MONSTER, minecraft:pillager, 10, 1, 2
300, towns_and_towers:pillager_outpost_old_growth_taiga, HEADING, header:ignore, 0, 0, 0
301, towns_and_towers:pillager_outpost_old_growth_taiga, MONSTER, minecraft:pillager, 10, 1, 2
302, towns_and_towers:pillager_outpost_savanna, HEADING, header:ignore, 0, 0, 0
303, towns_and_towers:pillager_outpost_savanna, MONSTER, minecraft:pillager, 10, 1, 2
304, towns_and_towers:pillager_outpost_savanna_plateau, HEADING, header:ignore, 0, 0, 0
305, towns_and_towers:pillager_outpost_savanna_plateau, MONSTER, minecraft:pillager, 10, 1, 2
306, towns_and_towers:pillager_outpost_snowy_beach, HEADING, header:ignore, 0, 0, 0
307, towns_and_towers:pillager_outpost_snowy_beach, MONSTER, minecraft:pillager, 10, 1, 2
308, towns_and_towers:pillager_outpost_snowy_plains, HEADING, header:ignore, 0, 0, 0
309, towns_and_towers:pillager_outpost_snowy_plains, MONSTER, minecraft:pillager, 10, 1, 2
310, towns_and_towers:pillager_outpost_snowy_slopes, HEADING, header:ignore, 0, 0, 0
311, towns_and_towers:pillager_outpost_snowy_slopes, MONSTER, minecraft:pillager, 10, 1, 2
312, towns_and_towers:pillager_outpost_snowy_taiga, HEADING, header:ignore, 0, 0, 0
313, towns_and_towers:pillager_outpost_snowy_taiga, MONSTER, minecraft:pillager, 10, 1, 2
314, towns_and_towers:pillager_outpost_sparse_jungle, HEADING, header:ignore, 0, 0, 0
315, towns_and_towers:pillager_outpost_sparse_jungle, MONSTER, minecraft:pillager, 10, 1, 2
316, towns_and_towers:pillager_outpost_sunflower_plains, HEADING, header:ignore, 0, 0, 0
317, towns_and_towers:pillager_outpost_sunflower_plains, MONSTER, minecraft:pillager, 10, 1, 2
318, towns_and_towers:pillager_outpost_swamp, HEADING, header:ignore, 0, 0, 0
319, towns_and_towers:pillager_outpost_swamp, MONSTER, minecraft:pillager, 10, 1, 2
320, towns_and_towers:pillager_outpost_taiga, HEADING, header:ignore, 0, 0, 0
321, towns_and_towers:pillager_outpost_taiga, MONSTER, minecraft:pillager, 10, 1, 2
322, towns_and_towers:pillager_outpost_wooded_badlands, HEADING, header:ignore, 0, 0, 0
323, towns_and_towers:pillager_outpost_wooded_badlands, MONSTER, minecraft:pillager, 10, 1, 2
324, blocky_siege:pillager_ship, HEADING, header:ignore, 0, 0, 0
325, incendium:pipeline, HEADING, header:ignore, 0, 0, 0
326, dungeons_arise_seven_seas:pirate_junk, HEADING, header:ignore, 0, 0, 0
327, dungeons_arise:plague_asylum, HEADING, header:ignore, 0, 0, 0
328, the_flesh_that_hates:pus, HEADING, header:ignore, 0, 0, 0
329, the_flesh_that_hates:pus, CREATURE, the_flesh_that_hates:flesh_human, 10, 1, 2
330, repurposed_structures:pyramid_badlands, HEADING, header:ignore, 0, 0, 0
331, repurposed_structures:pyramid_dark_forest, HEADING, header:ignore, 0, 0, 0
332, repurposed_structures:pyramid_end, HEADING, header:ignore, 0, 0, 0
333, repurposed_structures:pyramid_flower_forest, HEADING, header:ignore, 0, 0, 0
334, repurposed_structures:pyramid_giant_tree_taiga, HEADING, header:ignore, 0, 0, 0
335, repurposed_structures:pyramid_icy, HEADING, header:ignore, 0, 0, 0
336, repurposed_structures:pyramid_jungle, HEADING, header:ignore, 0, 0, 0
337, repurposed_structures:pyramid_mushroom, HEADING, header:ignore, 0, 0, 0
338, repurposed_structures:pyramid_nether, HEADING, header:ignore, 0, 0, 0
339, repurposed_structures:pyramid_ocean, HEADING, header:ignore, 0, 0, 0
340, repurposed_structures:pyramid_snowy, HEADING, header:ignore, 0, 0, 0
341, incendium:quartz_kitchen, HEADING, header:ignore, 0, 0, 0
342, twilightforest:quest_grove, HEADING, header:ignore, 0, 0, 0
343, incendium:ruined_lab, HEADING, header:ignore, 0, 0, 0
344, minecraft:ruined_portal, HEADING, header:ignore, 0, 0, 0
345, minecraft:ruined_portal_desert, HEADING, header:ignore, 0, 0, 0
346, repurposed_structures:ruined_portal_end, HEADING, header:ignore, 0, 0, 0
347, minecraft:ruined_portal_jungle, HEADING, header:ignore, 0, 0, 0
348, minecraft:ruined_portal_mountain, HEADING, header:ignore, 0, 0, 0
349, minecraft:ruined_portal_nether, HEADING, header:ignore, 0, 0, 0
350, minecraft:ruined_portal_ocean, HEADING, header:ignore, 0, 0, 0
351, minecraft:ruined_portal_swamp, HEADING, header:ignore, 0, 0, 0
352, repurposed_structures:ruins_land_cold, HEADING, header:ignore, 0, 0, 0
353, repurposed_structures:ruins_land_hot, HEADING, header:ignore, 0, 0, 0
354, repurposed_structures:ruins_land_icy, HEADING, header:ignore, 0, 0, 0
355, repurposed_structures:ruins_land_warm, HEADING, header:ignore, 0, 0, 0
356, repurposed_structures:ruins_nether, HEADING, header:ignore, 0, 0, 0
357, incendium:sanctum, HEADING, header:ignore, 0, 0, 0
358, dungeons_arise:scorched_mines, HEADING, header:ignore, 0, 0, 0
359, minecraft:shipwreck, HEADING, header:ignore, 0, 0, 0
360, minecraft:shipwreck, MONSTER, alexsmobs:skelewag, 15, 1, 2
361, minecraft:shipwreck_beached, HEADING, header:ignore, 0, 0, 0
362, repurposed_structures:shipwreck_crimson, HEADING, header:ignore, 0, 0, 0
363, repurposed_structures:shipwreck_crimson, MONSTER, minecraft:wither_skeleton, 10, 1, 1
364, repurposed_structures:shipwreck_end, HEADING, header:ignore, 0, 0, 0
365, repurposed_structures:shipwreck_nether_bricks, HEADING, header:ignore, 0, 0, 0
366, repurposed_structures:shipwreck_nether_bricks, MONSTER, minecraft:wither_skeleton, 10, 1, 1
367, repurposed_structures:shipwreck_warped, HEADING, header:ignore, 0, 0, 0
368, repurposed_structures:shipwreck_warped, MONSTER, minecraft:wither_skeleton, 10, 1, 1
369, dungeons_arise:shiraz_palace, HEADING, header:ignore, 0, 0, 0
370, betterdungeons:skeleton_dungeon, HEADING, header:ignore, 0, 0, 0
371, betterdungeons:skeleton_dungeon, MONSTER, minecraft:skeleton, 80, 4, 15
372, dungeons_arise:small_blimp, HEADING, header:ignore, 0, 0, 0
373, betterdungeons:small_dungeon, HEADING, header:ignore, 0, 0, 0
374, twilightforest:small_hollow_hill, HEADING, header:ignore, 0, 0, 0
375, betterdungeons:small_nether_dungeon, HEADING, header:ignore, 0, 0, 0
376, dungeons_arise:small_prairie_house, HEADING, header:ignore, 0, 0, 0
377, dungeons_arise_seven_seas:small_yacht, HEADING, header:ignore, 0, 0, 0
378, the_flesh_that_hates:spawnmouth, HEADING, header:ignore, 0, 0, 0
379, the_flesh_that_hates:spawnmouth, CREATURE, the_flesh_that_hates:flesh_human, 10, 1, 2
380, betterdungeons:spider_dungeon, HEADING, header:ignore, 0, 0, 0
381, betterdungeons:spider_dungeon, MONSTER, minecraft:spider, 80, 4, 15
382, betterdungeons:spider_dungeon, MONSTER, minecraft:cave_spider, 50, 4, 8
383, the_flesh_that_hates:spine1, HEADING, header:ignore, 0, 0, 0
384, the_flesh_that_hates:spine1, CREATURE, the_flesh_that_hates:flesh_human, 10, 1, 2
385, betterstrongholds:stronghold, HEADING, header:ignore, 0, 0, 0
386, minecraft:stronghold, HEADING, header:ignore, 0, 0, 0
387, repurposed_structures:stronghold_end, HEADING, header:ignore, 0, 0, 0
388, repurposed_structures:stronghold_end, MONSTER, minecraft:endermite, 80, 2, 4
389, repurposed_structures:stronghold_nether, HEADING, header:ignore, 0, 0, 0
390, repurposed_structures:stronghold_nether, MONSTER, minecraft:blaze, 10, 2, 3
391, repurposed_structures:stronghold_nether, MONSTER, minecraft:zombified_piglin, 10, 4, 4
392, repurposed_structures:stronghold_nether, MONSTER, minecraft:wither_skeleton, 10, 5, 5
393, repurposed_structures:stronghold_nether, MONSTER, minecraft:skeleton, 10, 5, 5
394, repurposed_structures:stronghold_nether, MONSTER, minecraft:magma_cube, 10, 4, 4
395, minecraft:swamp_hut, HEADING, header:ignore, 0, 0, 0
396, minecraft:swamp_hut, MONSTER, minecraft:witch, 10, 1, 1
397, minecraft:swamp_hut, CREATURE, minecraft:cat, 10, 1, 1
398, repurposed_structures:temple_nether_basalt, HEADING, header:ignore, 0, 0, 0
399, repurposed_structures:temple_nether_crimson, HEADING, header:ignore, 0, 0, 0
400, repurposed_structures:temple_nether_soul, HEADING, header:ignore, 0, 0, 0
401, repurposed_structures:temple_nether_warped, HEADING, header:ignore, 0, 0, 0
402, repurposed_structures:temple_nether_wasteland, HEADING, header:ignore, 0, 0, 0
403, repurposed_structures:temple_ocean, HEADING, header:ignore, 0, 0, 0
404, repurposed_structures:temple_taiga, HEADING, header:ignore, 0, 0, 0
405, dungeons_arise:thornborn_towers, HEADING, header:ignore, 0, 0, 0
406, minecraft:trail_ruins, HEADING, header:ignore, 0, 0, 0
407, the_flesh_that_hates:tree, HEADING, header:ignore, 0, 0, 0
408, the_flesh_that_hates:tree, CREATURE, the_flesh_that_hates:flesh_human, 10, 1, 2
409, scguns:trench, HEADING, header:ignore, 0, 0, 0
410, scguns:trench, MONSTER, scguns:redcoat, 10, 1, 2
411, twilightforest:troll_cave, HEADING, header:ignore, 0, 0, 0
412, dungeons_arise:typhon, HEADING, header:ignore, 0, 0, 0
413, dungeons_arise:undead_pirate_ship, HEADING, header:ignore, 0, 0, 0
414, alexscaves:underground_cabin, HEADING, header:ignore, 0, 0, 0
415, dungeons_arise_seven_seas:unicorn_galleon, HEADING, header:ignore, 0, 0, 0
416, minecraft:ussr_corgi, HEADING, header:ignore, 0, 0, 0
417, minecraft:ussr_fifth, HEADING, header:ignore, 0, 0, 0
418, minecraft:ussr_medium_brick, HEADING, header:ignore, 0, 0, 0
419, minecraft:ussr_medium_mix, HEADING, header:ignore, 0, 0, 0
420, minecraft:ussr_medium_ninth, HEADING, header:ignore, 0, 0, 0
421, minecraft:ussr_small_fifth, HEADING, header:ignore, 0, 0, 0
422, minecraft:ussr_village_saman, HEADING, header:ignore, 0, 0, 0
423, dungeons_arise_seven_seas:victory_frigate, HEADING, header:ignore, 0, 0, 0
424, repurposed_structures:village_badlands, HEADING, header:ignore, 0, 0, 0
425, towns_and_towers:village_badlands, HEADING, header:ignore, 0, 0, 0
426, wythers:village_badlands, HEADING, header:ignore, 0, 0, 0
427, wythers:village_badlands_desert, HEADING, header:ignore, 0, 0, 0
428, repurposed_structures:village_bamboo, HEADING, header:ignore, 0, 0, 0
429, towns_and_towers:village_beach, HEADING, header:ignore, 0, 0, 0
430, repurposed_structures:village_birch, HEADING, header:ignore, 0, 0, 0
431, towns_and_towers:village_birch_forest, HEADING, header:ignore, 0, 0, 0
432, repurposed_structures:village_cherry, HEADING, header:ignore, 0, 0, 0
433, repurposed_structures:village_crimson, HEADING, header:ignore, 0, 0, 0
434, repurposed_structures:village_dark_forest, HEADING, header:ignore, 0, 0, 0
435, minecraft:village_desert, HEADING, header:ignore, 0, 0, 0
436, towns_and_towers:village_flower_forest, HEADING, header:ignore, 0, 0, 0
437, towns_and_towers:village_forest, HEADING, header:ignore, 0, 0, 0
438, repurposed_structures:village_giant_taiga, HEADING, header:ignore, 0, 0, 0
439, minecraft:village_greece, HEADING, header:ignore, 0, 0, 0
440, towns_and_towers:village_grove, HEADING, header:ignore, 0, 0, 0
441, repurposed_structures:village_jungle, HEADING, header:ignore, 0, 0, 0
442, towns_and_towers:village_jungle, HEADING, header:ignore, 0, 0, 0
443, towns_and_towers:village_meadow, HEADING, header:ignore, 0, 0, 0
444, repurposed_structures:village_mountains, HEADING, header:ignore, 0, 0, 0
445, repurposed_structures:village_mushroom, HEADING, header:ignore, 0, 0, 0
446, towns_and_towers:village_mushroom_fields, HEADING, header:ignore, 0, 0, 0
447, repurposed_structures:village_oak, HEADING, header:ignore, 0, 0, 0
448, repurposed_structures:village_ocean, HEADING, header:ignore, 0, 0, 0
449, towns_and_towers:village_ocean, HEADING, header:ignore, 0, 0, 0
450, towns_and_towers:village_old_growth_taiga, HEADING, header:ignore, 0, 0, 0
451, minecraft:village_plains, HEADING, header:ignore, 0, 0, 0
452, minecraft:village_savanna, HEADING, header:ignore, 0, 0, 0
453, towns_and_towers:village_savanna_plateau, HEADING, header:ignore, 0, 0, 0
454, minecraft:village_snowy, HEADING, header:ignore, 0, 0, 0
455, towns_and_towers:village_snowy_slopes, HEADING, header:ignore, 0, 0, 0
456, towns_and_towers:village_snowy_taiga, HEADING, header:ignore, 0, 0, 0
457, towns_and_towers:village_sparse_jungle, HEADING, header:ignore, 0, 0, 0
458, towns_and_towers:village_sunflower_plains, HEADING, header:ignore, 0, 0, 0
459, repurposed_structures:village_swamp, HEADING, header:ignore, 0, 0, 0
460, towns_and_towers:village_swamp, HEADING, header:ignore, 0, 0, 0
461, minecraft:village_taiga, HEADING, header:ignore, 0, 0, 0
462, repurposed_structures:village_warped, HEADING, header:ignore, 0, 0, 0
463, towns_and_towers:village_wooded_badlands, HEADING, header:ignore, 0, 0, 0
464, wythers:village_wooded_badlands, HEADING, header:ignore, 0, 0, 0
465, alexscaves:volcano, HEADING, header:ignore, 0, 0, 0
466, supplementaries:way_sign, HEADING, header:ignore, 0, 0, 0
467, dungeons_arise:wishing_well, HEADING, header:ignore, 0, 0, 0
468, betterwitchhuts:witch_circle, HEADING, header:ignore, 0, 0, 0
469, betterwitchhuts:witch_circle, MONSTER, minecraft:witch, 10, 1, 1
470, betterwitchhuts:witch_circle, CREATURE, minecraft:cat, 10, 1, 1
471, betterwitchhuts:witch_hut, HEADING, header:ignore, 0, 0, 0
472, betterwitchhuts:witch_hut, MONSTER, minecraft:witch, 10, 1, 1
473, betterwitchhuts:witch_hut, CREATURE, minecraft:cat, 10, 1, 1
474, repurposed_structures:witch_hut_birch, HEADING, header:ignore, 0, 0, 0
475, repurposed_structures:witch_hut_birch, MONSTER, minecraft:witch, 10, 1, 1
476, repurposed_structures:witch_hut_birch, CREATURE, minecraft:cat, 10, 1, 1
477, repurposed_structures:witch_hut_dark_forest, HEADING, header:ignore, 0, 0, 0
478, repurposed_structures:witch_hut_dark_forest, MONSTER, minecraft:witch, 10, 1, 1
479, repurposed_structures:witch_hut_dark_forest, CREATURE, minecraft:cat, 10, 1, 1
480, repurposed_structures:witch_hut_giant_tree_taiga, HEADING, header:ignore, 0, 0, 0
481, repurposed_structures:witch_hut_giant_tree_taiga, MONSTER, minecraft:witch, 10, 1, 1
482, repurposed_structures:witch_hut_giant_tree_taiga, CREATURE, minecraft:cat, 10, 1, 1
483, repurposed_structures:witch_hut_mangrove, HEADING, header:ignore, 0, 0, 0
484, repurposed_structures:witch_hut_mangrove, MONSTER, minecraft:witch, 10, 1, 1
485, repurposed_structures:witch_hut_mangrove, CREATURE, minecraft:cat, 10, 1, 1
486, repurposed_structures:witch_hut_oak, HEADING, header:ignore, 0, 0, 0
487, repurposed_structures:witch_hut_oak, MONSTER, minecraft:witch, 10, 1, 1
488, repurposed_structures:witch_hut_oak, CREATURE, minecraft:cat, 10, 1, 1
489, repurposed_structures:witch_hut_taiga, HEADING, header:ignore, 0, 0, 0
490, repurposed_structures:witch_hut_taiga, MONSTER, minecraft:witch, 10, 1, 1
491, repurposed_structures:witch_hut_taiga, CREATURE, minecraft:cat, 10, 1, 1
492, towns_and_towers:wreckage_ocean, HEADING, header:ignore, 0, 0, 0
493, twilightforest:yeti_cave, HEADING, header:ignore, 0, 0, 0
494, betterdungeons:zombie_dungeon, HEADING, header:ignore, 0, 0, 0
495, betterdungeons:zombie_dungeon, MONSTER, minecraft:zombie, 80, 4, 15
