[21:28:51.107][INFO][CraftTweaker-EarlyInit]: CraftTweaker is running on a Minecraft 1.20.1 production client modded with platform Forge
[21:28:51.180][INFO][CraftTweaker-EarlyInit]: Successfully injected RecipeFS file system
[21:28:51.287][INFO][CraftTweaker-Plugins]: Successfully identified and loaded plugin crafttweaker:builtin
[21:28:51.291][INFO][CraftTweaker-Plugins]: Successfully identified and loaded plugin crafttweaker:builtin_forge
[21:28:51.295][INFO][CraftTweaker-Plugins]: Successfully identified and loaded plugin farmersdelight:crafttweaker_plugin
[21:28:53.262][INFO][CraftTweaker]: The following mods have explicit CraftTweaker support through the default plugin:
[21:28:53.265][INFO][CraftTweaker]: - 'crafttweaker' at version '14.0.40'
[21:28:53.266][INFO][CraftTweaker]: - 'farmersdelight' at version '1.20.1-1.2.4'
[21:28:53.266][INFO][CraftTweaker]: - 'gamestages' at version '15.0.1'
[21:29:13.974][INFO][CraftTweaker-ZenCode]: Started loading scripts for loader 'initialize'
[21:29:14.757][INFO][CraftTweaker-ZenCode]: Compiling and executing scripts
[21:29:14.810][INFO][CraftTweaker-ZenCode]: Successfully initialized modules [crafttweaker, expansions]
[21:29:14.937][INFO][CraftTweaker-ZenCode]: Execution for loader 'initialize' completed successfully
[21:29:52.609][INFO][CraftTweaker-ZenCode]: Started loading scripts for loader 'tags'
[21:29:52.631][INFO][CraftTweaker-ZenCode]: Compiling and executing scripts
[21:29:52.650][INFO][CraftTweaker-ZenCode]: Successfully initialized modules [crafttweaker, expansions]
[21:29:52.658][INFO][CraftTweaker-ZenCode]: Execution for loader 'tags' completed successfully
[21:29:53.574][INFO][CraftTweaker]: CraftTweaker reload starting!
[21:29:53.578][INFO][CraftTweaker-ZenCode]: Started loading scripts for loader 'crafttweaker'
[21:29:53.597][INFO][CraftTweaker-ZenCode]: Compiling and executing scripts
[21:29:53.954][INFO][CraftTweaker-ZenCode]: Successfully initialized modules [mods, crafttweaker, expansions]
[21:29:53.964][INFO][CraftTweaker-ZenCode]: Execution for loader 'crafttweaker' completed successfully
[21:29:53.966][INFO][CraftTweaker]: CraftTweaker reload complete!
[21:48:44.018][INFO][CraftTweaker-ZenCode]: Started loading scripts for loader 'tags'
[21:48:44.018][INFO][CraftTweaker-ZenCode]: Undoing previous actions
[21:48:44.039][INFO][CraftTweaker-ZenCode]: Compiling and executing scripts
[21:48:44.042][INFO][CraftTweaker-ZenCode]: Successfully initialized modules [crafttweaker, expansions]
[21:48:44.050][INFO][CraftTweaker-ZenCode]: Execution for loader 'tags' completed successfully
[21:48:44.743][INFO][CraftTweaker]: CraftTweaker reload starting!
[21:48:44.748][INFO][CraftTweaker-ZenCode]: Started loading scripts for loader 'crafttweaker'
[21:48:44.748][INFO][CraftTweaker-ZenCode]: Undoing previous actions
[21:48:44.768][INFO][CraftTweaker-ZenCode]: Compiling and executing scripts
[21:48:44.887][INFO][CraftTweaker-ZenCode]: Successfully initialized modules [mods, crafttweaker, expansions]
[21:48:44.894][INFO][CraftTweaker-ZenCode]: Execution for loader 'crafttweaker' completed successfully
[21:48:44.894][INFO][CraftTweaker]: CraftTweaker reload complete!
[07:44:39.993][INFO][CraftTweaker-ZenCode]: Started loading scripts for loader 'tags'
[07:44:40.002][INFO][CraftTweaker-ZenCode]: Undoing previous actions
[07:44:40.066][INFO][CraftTweaker-ZenCode]: Compiling and executing scripts
[07:44:40.113][INFO][CraftTweaker-ZenCode]: Successfully initialized modules [crafttweaker, expansions]
[07:44:40.141][INFO][CraftTweaker-ZenCode]: Execution for loader 'tags' completed successfully
[07:44:41.101][INFO][CraftTweaker-ZenCode]: Started loading scripts for loader 'crafttweaker'
[07:44:41.101][INFO][CraftTweaker-ZenCode]: Undoing previous actions
[07:44:41.122][INFO][CraftTweaker-ZenCode]: Compiling and executing scripts
[07:44:41.799][INFO][CraftTweaker-ZenCode]: Successfully initialized modules [mods, crafttweaker, expansions]
[07:44:41.805][INFO][CraftTweaker-ZenCode]: Execution for loader 'crafttweaker' completed successfully
[07:46:46.895][INFO][CraftTweaker-ZenCode]: Started loading scripts for loader 'tags'
[07:46:46.895][INFO][CraftTweaker-ZenCode]: Undoing previous actions
[07:46:46.916][INFO][CraftTweaker-ZenCode]: Compiling and executing scripts
[07:46:46.919][INFO][CraftTweaker-ZenCode]: Successfully initialized modules [crafttweaker, expansions]
[07:46:46.931][INFO][CraftTweaker-ZenCode]: Execution for loader 'tags' completed successfully
[07:46:47.799][INFO][CraftTweaker-ZenCode]: Started loading scripts for loader 'crafttweaker'
[07:46:47.799][INFO][CraftTweaker-ZenCode]: Undoing previous actions
[07:46:47.816][INFO][CraftTweaker-ZenCode]: Compiling and executing scripts
[07:46:47.928][INFO][CraftTweaker-ZenCode]: Successfully initialized modules [mods, crafttweaker, expansions]
[07:46:47.937][INFO][CraftTweaker-ZenCode]: Execution for loader 'crafttweaker' completed successfully
[07:50:20.741][INFO][CraftTweaker-ZenCode]: Started loading scripts for loader 'tags'
[07:50:20.741][INFO][CraftTweaker-ZenCode]: Undoing previous actions
[07:50:20.765][INFO][CraftTweaker-ZenCode]: Compiling and executing scripts
[07:50:20.769][INFO][CraftTweaker-ZenCode]: Successfully initialized modules [crafttweaker, expansions]
[07:50:20.778][INFO][CraftTweaker-ZenCode]: Execution for loader 'tags' completed successfully
[07:50:21.470][INFO][CraftTweaker-ZenCode]: Started loading scripts for loader 'crafttweaker'
[07:50:21.471][INFO][CraftTweaker-ZenCode]: Undoing previous actions
[07:50:21.492][INFO][CraftTweaker-ZenCode]: Compiling and executing scripts
[07:50:21.613][INFO][CraftTweaker-ZenCode]: Successfully initialized modules [mods, crafttweaker, expansions]
[07:50:21.621][INFO][CraftTweaker-ZenCode]: Execution for loader 'crafttweaker' completed successfully
[08:07:27.613][INFO][CraftTweaker-ZenCode]: Started loading scripts for loader 'tags'
[08:07:27.614][INFO][CraftTweaker-ZenCode]: Undoing previous actions
[08:07:27.635][INFO][CraftTweaker-ZenCode]: Compiling and executing scripts
[08:07:27.639][INFO][CraftTweaker-ZenCode]: Successfully initialized modules [crafttweaker, expansions]
[08:07:27.648][INFO][CraftTweaker-ZenCode]: Execution for loader 'tags' completed successfully
[08:07:28.420][INFO][CraftTweaker]: CraftTweaker reload starting!
[08:07:28.424][INFO][CraftTweaker-ZenCode]: Started loading scripts for loader 'crafttweaker'
[08:07:28.424][INFO][CraftTweaker-ZenCode]: Undoing previous actions
[08:07:28.438][INFO][CraftTweaker-ZenCode]: Compiling and executing scripts
[08:07:28.530][INFO][CraftTweaker-ZenCode]: Successfully initialized modules [mods, crafttweaker, expansions]
[08:07:28.537][INFO][CraftTweaker-ZenCode]: Execution for loader 'crafttweaker' completed successfully
[08:07:28.537][INFO][CraftTweaker]: CraftTweaker reload complete!
